2025-08-12T12:10:16.340+05:30  INFO 15040 --- [DoctorService] [restartedMain] c.wipro.komal.DoctorServiceApplication   : Starting DoctorServiceApplication using Java 21.0.7 with PID 15040 (C:\sts-4.31.0.RELEASE\MiniProject\DoctorService\target\classes started by Komal in C:\sts-4.31.0.RELEASE\MiniProject\DoctorService)
2025-08-12T12:10:16.344+05:30  INFO 15040 --- [DoctorService] [restartedMain] c.wipro.komal.DoctorServiceApplication   : No active profile set, falling back to 1 default profile: "default"
2025-08-12T12:10:16.426+05:30  INFO 15040 --- [DoctorService] [restartedMain] o.s.c.c.c.ConfigServerConfigDataLoader   : Fetching config from server at : http://localhost:9092
2025-08-12T12:10:16.428+05:30  INFO 15040 --- [DoctorService] [restartedMain] o.s.c.c.c.ConfigServerConfigDataLoader   : Located environment: name=DoctorService, profiles=[default], label=null, version=e4ac3c4f10559c09efbaa71501e630c07a3b77f1, state=
2025-08-12T12:10:16.431+05:30  INFO 15040 --- [DoctorService] [restartedMain] .e.DevToolsPropertyDefaultsPostProcessor : Devtools property defaults active! Set 'spring.devtools.add-properties' to 'false' to disable
2025-08-12T12:10:16.433+05:30  INFO 15040 --- [DoctorService] [restartedMain] .e.DevToolsPropertyDefaultsPostProcessor : For additional web related logging consider setting the 'logging.level.web' property to 'DEBUG'
2025-08-12T12:10:17.392+05:30  INFO 15040 --- [DoctorService] [restartedMain] .s.d.r.c.RepositoryConfigurationDelegate : Bootstrapping Spring Data JPA repositories in DEFAULT mode.
2025-08-12T12:10:17.458+05:30  INFO 15040 --- [DoctorService] [restartedMain] .s.d.r.c.RepositoryConfigurationDelegate : Finished Spring Data repository scanning in 53 ms. Found 1 JPA repository interface.
2025-08-12T12:10:17.607+05:30  INFO 15040 --- [DoctorService] [restartedMain] o.s.cloud.context.scope.GenericScope     : BeanFactory id=a8346c93-c272-3ed0-b5d7-b2cdfe0281b4
2025-08-12T12:10:18.182+05:30  INFO 15040 --- [DoctorService] [restartedMain] o.s.b.w.embedded.tomcat.TomcatWebServer  : Tomcat initialized with port 8080 (http)
2025-08-12T12:10:18.202+05:30  INFO 15040 --- [DoctorService] [restartedMain] o.apache.catalina.core.StandardService   : Starting service [Tomcat]
2025-08-12T12:10:18.203+05:30  INFO 15040 --- [DoctorService] [restartedMain] o.apache.catalina.core.StandardEngine    : Starting Servlet engine: [Apache Tomcat/10.1.43]
2025-08-12T12:10:18.276+05:30  INFO 15040 --- [DoctorService] [restartedMain] o.a.c.c.C.[Tomcat].[localhost].[/]       : Initializing Spring embedded WebApplicationContext
2025-08-12T12:10:18.277+05:30  INFO 15040 --- [DoctorService] [restartedMain] w.s.c.ServletWebServerApplicationContext : Root WebApplicationContext: initialization completed in 1842 ms
2025-08-12T12:10:18.586+05:30  INFO 15040 --- [DoctorService] [restartedMain] o.hibernate.jpa.internal.util.LogHelper  : HHH000204: Processing PersistenceUnitInfo [name: default]
2025-08-12T12:10:18.697+05:30  INFO 15040 --- [DoctorService] [restartedMain] org.hibernate.Version                    : HHH000412: Hibernate ORM core version 6.6.22.Final
2025-08-12T12:10:18.753+05:30  INFO 15040 --- [DoctorService] [restartedMain] o.h.c.internal.RegionFactoryInitiator    : HHH000026: Second-level cache disabled
2025-08-12T12:10:19.276+05:30  INFO 15040 --- [DoctorService] [restartedMain] o.s.o.j.p.SpringPersistenceUnitInfo      : No LoadTimeWeaver setup: ignoring JPA class transformer
2025-08-12T12:10:19.323+05:30  INFO 15040 --- [DoctorService] [restartedMain] com.zaxxer.hikari.HikariDataSource       : HikariPool-1 - Starting...
2025-08-12T12:10:19.797+05:30  INFO 15040 --- [DoctorService] [restartedMain] com.zaxxer.hikari.pool.HikariPool        : HikariPool-1 - Added connection com.mysql.cj.jdbc.ConnectionImpl@21f9d818
2025-08-12T12:10:19.800+05:30  INFO 15040 --- [DoctorService] [restartedMain] com.zaxxer.hikari.HikariDataSource       : HikariPool-1 - Start completed.
2025-08-12T12:10:19.876+05:30  WARN 15040 --- [DoctorService] [restartedMain] org.hibernate.orm.deprecation            : HHH90000025: MySQLDialect does not need to be specified explicitly using 'hibernate.dialect' (remove the property setting and it will be selected by default)
2025-08-12T12:10:19.899+05:30  INFO 15040 --- [DoctorService] [restartedMain] org.hibernate.orm.connections.pooling    : HHH10001005: Database info:
	Database JDBC URL [Connecting through datasource 'HikariDataSource (HikariPool-1)']
	Database driver: undefined/unknown
	Database version: 8.0.41
	Autocommit mode: undefined/unknown
	Isolation level: undefined/unknown
	Minimum pool size: undefined/unknown
	Maximum pool size: undefined/unknown
2025-08-12T12:10:21.201+05:30  INFO 15040 --- [DoctorService] [restartedMain] o.h.e.t.j.p.i.JtaPlatformInitiator       : HHH000489: No JTA platform available (set 'hibernate.transaction.jta.platform' to enable JTA platform integration)
2025-08-12T12:10:21.325+05:30  INFO 15040 --- [DoctorService] [restartedMain] j.LocalContainerEntityManagerFactoryBean : Initialized JPA EntityManagerFactory for persistence unit 'default'
2025-08-12T12:10:21.750+05:30  WARN 15040 --- [DoctorService] [restartedMain] JpaBaseConfiguration$JpaWebConfiguration : spring.jpa.open-in-view is enabled by default. Therefore, database queries may be performed during view rendering. Explicitly configure spring.jpa.open-in-view to disable this warning
2025-08-12T12:10:22.208+05:30  WARN 15040 --- [DoctorService] [restartedMain] o.s.b.d.a.OptionalLiveReloadServer       : Unable to start LiveReload server
2025-08-12T12:10:22.341+05:30  INFO 15040 --- [DoctorService] [restartedMain] o.s.b.w.embedded.tomcat.TomcatWebServer  : Tomcat started on port 8080 (http) with context path '/'
2025-08-12T12:10:22.362+05:30  INFO 15040 --- [DoctorService] [restartedMain] c.wipro.komal.DoctorServiceApplication   : Started DoctorServiceApplication in 10.972 seconds (process running for 12.403)
